{"/home/hamada/Área de Trabalho/Desenvolvimento_Web/projetos-pessoais/market-CRUDE/market-CRUD/CRUD/src/App.tsx": {"path":"/home/hamada/Área de Trabalho/Desenvolvimento_Web/projetos-pessoais/market-CRUDE/market-CRUD/CRUD/src/App.tsx","statementMap":{"0":{"start":{"line":8,"column":2},"end":{"line":14,"column":null}}},"fnMap":{"0":{"name":"App","decl":{"start":{"line":6,"column":9},"end":{"line":6,"column":29}},"loc":{"start":{"line":6,"column":29},"end":{"line":16,"column":null}}}},"branchMap":{},"s":{"0":3},"f":{"0":3},"b":{}}
,"/home/hamada/Área de Trabalho/Desenvolvimento_Web/projetos-pessoais/market-CRUDE/market-CRUD/CRUD/src/app/hooks.ts": {"path":"/home/hamada/Área de Trabalho/Desenvolvimento_Web/projetos-pessoais/market-CRUDE/market-CRUD/CRUD/src/app/hooks.ts","statementMap":{"0":{"start":{"line":4,"column":30},"end":{"line":4,"column":null}},"1":{"start":{"line":4,"column":36},"end":{"line":4,"column":null}},"2":{"start":{"line":5,"column":63},"end":{"line":5,"column":null}}},"fnMap":{"0":{"name":"(anonymous_0)","decl":{"start":{"line":4,"column":30},"end":{"line":4,"column":36}},"loc":{"start":{"line":4,"column":36},"end":{"line":4,"column":null}}}},"branchMap":{},"s":{"0":1,"1":49,"2":1},"f":{"0":49},"b":{}}
,"/home/hamada/Área de Trabalho/Desenvolvimento_Web/projetos-pessoais/market-CRUDE/market-CRUD/CRUD/src/app/store.ts": {"path":"/home/hamada/Área de Trabalho/Desenvolvimento_Web/projetos-pessoais/market-CRUDE/market-CRUD/CRUD/src/app/store.ts","statementMap":{"0":{"start":{"line":4,"column":21},"end":{"line":8,"column":null}}},"fnMap":{},"branchMap":{},"s":{"0":1},"f":{},"b":{}}
,"/home/hamada/Área de Trabalho/Desenvolvimento_Web/projetos-pessoais/market-CRUDE/market-CRUD/CRUD/src/components/login/Login.tsx": {"path":"/home/hamada/Área de Trabalho/Desenvolvimento_Web/projetos-pessoais/market-CRUDE/market-CRUD/CRUD/src/components/login/Login.tsx","statementMap":{"0":{"start":{"line":6,"column":14},"end":{"line":69,"column":null}},"1":{"start":{"line":8,"column":19},"end":{"line":8,"column":null}},"2":{"start":{"line":9,"column":36},"end":{"line":9,"column":null}},"3":{"start":{"line":9,"column":62},"end":{"line":9,"column":73}},"4":{"start":{"line":10,"column":28},"end":{"line":10,"column":null}},"5":{"start":{"line":11,"column":28},"end":{"line":11,"column":null}},"6":{"start":{"line":13,"column":23},"end":{"line":18,"column":null}},"7":{"start":{"line":14,"column":4},"end":{"line":17,"column":null}},"8":{"start":{"line":20,"column":22},"end":{"line":22,"column":null}},"9":{"start":{"line":21,"column":4},"end":{"line":21,"column":null}},"10":{"start":{"line":24,"column":25},"end":{"line":29,"column":null}},"11":{"start":{"line":25,"column":35},"end":{"line":25,"column":null}},"12":{"start":{"line":26,"column":43},"end":{"line":26,"column":null}},"13":{"start":{"line":27,"column":30},"end":{"line":27,"column":null}},"14":{"start":{"line":27,"column":55},"end":{"line":27,"column":56}},"15":{"start":{"line":28,"column":4},"end":{"line":28,"column":null}},"16":{"start":{"line":31,"column":2},"end":{"line":67,"column":null}}},"fnMap":{"0":{"name":"(anonymous_0)","decl":{"start":{"line":6,"column":14},"end":{"line":6,"column":15}},"loc":{"start":{"line":6,"column":63},"end":{"line":69,"column":null}}},"1":{"name":"(anonymous_1)","decl":{"start":{"line":9,"column":51},"end":{"line":9,"column":52}},"loc":{"start":{"line":9,"column":62},"end":{"line":9,"column":73}}},"2":{"name":"(anonymous_2)","decl":{"start":{"line":13,"column":23},"end":{"line":13,"column":24}},"loc":{"start":{"line":13,"column":101},"end":{"line":18,"column":null}}},"3":{"name":"(anonymous_3)","decl":{"start":{"line":20,"column":22},"end":{"line":20,"column":28}},"loc":{"start":{"line":20,"column":28},"end":{"line":22,"column":null}}},"4":{"name":"(anonymous_4)","decl":{"start":{"line":24,"column":25},"end":{"line":24,"column":31}},"loc":{"start":{"line":24,"column":31},"end":{"line":29,"column":null}}},"5":{"name":"(anonymous_5)","decl":{"start":{"line":27,"column":48},"end":{"line":27,"column":49}},"loc":{"start":{"line":27,"column":55},"end":{"line":27,"column":56}}}},"branchMap":{"0":{"loc":{"start":{"line":21,"column":4},"end":{"line":21,"column":null}},"type":"cond-expr","locations":[{"start":{"line":21,"column":15},"end":{"line":21,"column":45}},{"start":{"line":21,"column":45},"end":{"line":21,"column":null}}]},"1":{"loc":{"start":{"line":33,"column":7},"end":{"line":65,"column":null}},"type":"cond-expr","locations":[{"start":{"line":34,"column":8},"end":{"line":38,"column":null}},{"start":{"line":40,"column":8},"end":{"line":65,"column":null}}]}},"s":{"0":1,"1":49,"2":49,"3":54,"4":49,"5":49,"6":49,"7":44,"8":49,"9":2,"10":49,"11":44,"12":44,"13":44,"14":86,"15":44,"16":49},"f":{"0":49,"1":54,"2":44,"3":2,"4":44,"5":86},"b":{"0":[1,1],"1":[1,48]}}
,"/home/hamada/Área de Trabalho/Desenvolvimento_Web/projetos-pessoais/market-CRUDE/market-CRUD/CRUD/src/features/loginSlice.ts": {"path":"/home/hamada/Área de Trabalho/Desenvolvimento_Web/projetos-pessoais/market-CRUDE/market-CRUD/CRUD/src/features/loginSlice.ts","statementMap":{"0":{"start":{"line":10,"column":33},"end":{"line":14,"column":null}},"1":{"start":{"line":16,"column":19},"end":{"line":31,"column":null}},"2":{"start":{"line":21,"column":6},"end":{"line":21,"column":null}},"3":{"start":{"line":22,"column":6},"end":{"line":22,"column":null}},"4":{"start":{"line":23,"column":6},"end":{"line":23,"column":null}},"5":{"start":{"line":26,"column":6},"end":{"line":26,"column":null}},"6":{"start":{"line":27,"column":6},"end":{"line":27,"column":null}},"7":{"start":{"line":28,"column":6},"end":{"line":28,"column":null}},"8":{"start":{"line":33,"column":38},"end":{"line":33,"column":null}}},"fnMap":{"0":{"name":"(anonymous_0)","decl":{"start":{"line":20,"column":4},"end":{"line":20,"column":15}},"loc":{"start":{"line":20,"column":70},"end":{"line":24,"column":null}}},"1":{"name":"(anonymous_1)","decl":{"start":{"line":25,"column":4},"end":{"line":25,"column":11}},"loc":{"start":{"line":25,"column":18},"end":{"line":29,"column":null}}}},"branchMap":{},"s":{"0":1,"1":1,"2":1,"3":1,"4":1,"5":1,"6":1,"7":1,"8":1},"f":{"0":1,"1":1},"b":{}}
,"/home/hamada/Área de Trabalho/Desenvolvimento_Web/projetos-pessoais/market-CRUDE/market-CRUD/CRUD/src/pages/main/Main.tsx": {"path":"/home/hamada/Área de Trabalho/Desenvolvimento_Web/projetos-pessoais/market-CRUDE/market-CRUD/CRUD/src/pages/main/Main.tsx","statementMap":{"0":{"start":{"line":4,"column":13},"end":{"line":10,"column":null}},"1":{"start":{"line":5,"column":2},"end":{"line":8,"column":null}}},"fnMap":{"0":{"name":"(anonymous_0)","decl":{"start":{"line":4,"column":13},"end":{"line":4,"column":33}},"loc":{"start":{"line":4,"column":33},"end":{"line":10,"column":null}}}},"branchMap":{},"s":{"0":1,"1":3},"f":{"0":3},"b":{}}
,"/home/hamada/Área de Trabalho/Desenvolvimento_Web/projetos-pessoais/market-CRUDE/market-CRUD/CRUD/src/tests/helpers/RenderTest.tsx": {"path":"/home/hamada/Área de Trabalho/Desenvolvimento_Web/projetos-pessoais/market-CRUDE/market-CRUD/CRUD/src/tests/helpers/RenderTest.tsx","statementMap":{"0":{"start":{"line":7,"column":19},"end":{"line":15,"column":null}},"1":{"start":{"line":8,"column":4},"end":{"line":14,"column":null}}},"fnMap":{"0":{"name":"(anonymous_0)","decl":{"start":{"line":7,"column":19},"end":{"line":7,"column":20}},"loc":{"start":{"line":7,"column":37},"end":{"line":15,"column":null}}}},"branchMap":{},"s":{"0":1,"1":3},"f":{"0":3},"b":{}}
}
